<?xml version="1.0" encoding="UTF-8"?>
<testsuite name="co.com.pruebas.automation.exito.runners.ValidateDiscount" tests="0" skipped="0" failures="0" errors="0" timestamp="1970-01-01T00:00:00" hostname="DESKTOP-50BE1HM" time="0.0">
  <properties/>
  <system-out><![CDATA[]]></system-out>
  <system-err><![CDATA[[Test worker] INFO io.cucumber.core.plugin.SerenityReporter - Running feature from file:///C:/Estudio/automation_exito/src/test/resources/features/validate_discount.feature
[Test worker] INFO  - ?[96m

-------------------------------------------------------------------------------------
     _______. _______ .______       _______ .__   __.  __  .___________.____    ____ 
    /       ||   ____||   _  \     |   ____||  \ |  | |  | |           |\   \  /   / 
   |   (----`|  |__   |  |_)  |    |  |__   |   \|  | |  | `---|  |----` \   \/   /  
    \   \    |   __|  |      /     |   __|  |  . `  | |  |     |  |       \_    _/   
.----)   |   |  |____ |  |\  \----.|  |____ |  |\   | |  |     |  |         |  |     
|_______/    |_______|| _| `._____||_______||__| \__| |__|     |__|         |__|    
                                                                                     
 News and tutorials at http://www.serenity-bdd.info                                  
 Documentation at https://wakaleo.gitbooks.io/the-serenity-book/content/             
 Join the Serenity Community on Gitter: https://gitter.im/serenity-bdd/serenity-core 
 Serenity BDD Support and Training at http://serenity-bdd.info/#/trainingandsupport  
-------------------------------------------------------------------------------------
?[0m
[Test worker] INFO  - Test Suite Started: Exito page
[Test worker] INFO io.cucumber.core.plugin.SerenityReporter - Running feature from file:///C:/Estudio/automation_exito/src/test/resources/features/validate_discount.feature
[Test worker] INFO  - Test Suite Started: Exito page
[pool-2-thread-1] INFO serenity.reporting - 
--------------------------------
| TEST NAME:   ?[1mValidate discount?[0m
| RESULT:      ?[92mPassing?[0m
| REQUIREMENT: Exito page
| REPORT:      ?[96mfile:///C:/Estudio/automation_exito/target/site/serenity/72f502200213ebc0280317f966742f277fb1db3f9c960adef7f3efdfb9831431.html?[0m
--------------------------------
]]></system-err>
</testsuite>
