<?xml version="1.0" encoding="UTF-8"?>
<testsuite name="Exito page" tests="1" skipped="0" failures="0" errors="0" timestamp="2025-03-25T02:43:18" hostname="DESKTOP-50BE1HM" time="55.673">
  <properties/>
  <testcase name="Validate discount" classname="Exito page" time="55.673"/>
  <system-out><![CDATA[?[92m|-- Given the user opens the exito page?[0m
?[92m|---- actor opens the https://www.exito.com/?[0m
?[92m|-- When the user selects a product?[0m
?[92m|---- Actor select product?[0m
?[92m|------ actor enters 'celulares' then hits [ENTER] into Input search?[0m
?[92m|------ actor clicks on Cookies?[0m
?[92m|------ actor clicks on Select product?[0m
?[92m|------ actor clicks on Add button?[0m
?[92m|------ actor clicks on shopping cart?[0m
?[92m|------ actor clicks on view cart ?[0m
?[92m|-- Then the user validates the discount?[0m
?[92m|---- Then compare values?[0m
$ 1.349.900
$ 1.349.900
]]></system-out>
  <system-err><![CDATA[[Test worker] INFO io.cucumber.core.plugin.SerenityReporter - Running feature from file:///C:/Estudio/automation_exito/src/test/resources/features/validate_discount.feature
[Test worker] INFO  - 
  _____   ___   ___   _____     ___   _____     _     ___   _____   ___   ___  
 |_   _| | __| / __| |_   _|   / __| |_   _|   /_\   | _ \ |_   _| | __| |   \ 
   | |   | _|  \__ \   | |     \__ \   | |    / _ \  |   /   | |   | _|  | |) |
   |_|   |___| |___/   |_|     |___/   |_|   /_/ \_\ |_|_\   |_|   |___| |___/ 

Validate discount(exito-page;validate-discount)
--------------------------------------------------------------------------------
[Test worker] INFO net.serenitybdd.core.webdriver.driverproviders.ChromeDriverProvider - Using automatically driver download
[Test worker] INFO io.github.bonigarcia.wdm.WebDriverManager - Using chromedriver 134.0.6998.165 (resolved driver for Chrome 134)
[Test worker] INFO io.github.bonigarcia.wdm.WebDriverManager - Exporting webdriver.chrome.driver as C:\Users\Lizeht M\.cache\selenium\chromedriver\win64\134.0.6998.165\chromedriver.exe
Starting ChromeDriver 134.0.6998.165 (fd886e2cb29dd984c13deec032832dee68d8abe3-refs/branch-heads/6998@{#2122}) on port 54762
Only local connections are allowed.
Please see https://chromedriver.chromium.org/security-considerations for suggestions on keeping ChromeDriver safe.
ChromeDriver was started successfully on port 54762.
mar. 24, 2025 9:43:30 P. M. org.openqa.selenium.remote.ProtocolHandshake createSession
INFO: Detected dialect: W3C
mar. 24, 2025 9:43:30 P. M. org.openqa.selenium.devtools.CdpVersionFinder findNearestMatch
WARNING: Unable to find an exact match for CDP version 134, so returning the closest version found: a no-op implementation
mar. 24, 2025 9:43:30 P. M. org.openqa.selenium.devtools.CdpVersionFinder findNearestMatch
INFO: Unable to find CDP implementation matching 134.
mar. 24, 2025 9:43:30 P. M. org.openqa.selenium.chromium.ChromiumDriver lambda$new$3
WARNING: Unable to find version of CDP to use for . You may need to include a dependency on a specific version of the CDP using something similar to `org.seleniumhq.selenium:selenium-devtools-v86:4.1.2` where the version ("v86") matches the version of the chromium-based browser you're using and the version number of the artifact is the same as Selenium's.
[Test worker] INFO  - ?[92m
  _____   ___   ___   _____     ___     _     ___   ___   ___   ___  
 |_   _| | __| / __| |_   _|   | _ \   /_\   / __| / __| | __| |   \ 
   | |   | _|  \__ \   | |     |  _/  / _ \  \__ \ \__ \ | _|  | |) |
   |_|   |___| |___/   |_|     |_|   /_/ \_\ |___/ |___/ |___| |___/ 

Validate discount
----------------------------------------------------------------------?[0m
]]></system-err>
</testsuite>
